<?xml version="1.0" encoding="UTF-8"?>
<!-- Generated by org.testng.reporters.JUnitXMLReporter -->
<testsuite ignored="3" hostname="Amol-PC" failures="0" tests="2" name="Test01" time="0.235" errors="0" timestamp="2021-11-02T13:58:28 IST">
  <testcase classname="testng_group.test1" name="test3" time="0.044"/>
  <testcase classname="testng_group.test1" name="test4" time="0.006"/>
  <testcase classname="testng_group.test1" name="test2" time="0.0">
    <ignored/>
  </testcase> <!-- test2 -->
  <testcase classname="testng_group.test1" name="test5" time="0.0">
    <ignored/>
  </testcase> <!-- test5 -->
  <testcase classname="testng_group.test1" name="test1" time="0.0">
    <ignored/>
  </testcase> <!-- test1 -->
</testsuite> <!-- Test01 -->
