<?xml version="1.0" encoding="UTF-8"?>
<!-- Generated by org.testng.reporters.JUnitXMLReporter -->
<testsuite ignored="4" hostname="Amol-PC" failures="0" tests="6" name="Testmeta" time="0.946" errors="0" timestamp="2021-11-02T14:05:38 IST">
  <testcase classname="testng_group.test2" name="test11" time="0.694"/>
  <testcase classname="testng_group.test2" name="test13" time="0.005"/>
  <testcase classname="testng_group.test2" name="test14" time="0.015"/>
  <testcase classname="testng_group.test1" name="test1" time="0.009"/>
  <testcase classname="testng_group.test1" name="test3" time="0.008"/>
  <testcase classname="testng_group.test1" name="test4" time="0.009"/>
  <testcase classname="testng_group.test2" name="test12" time="0.0">
    <ignored/>
  </testcase> <!-- test12 -->
  <testcase classname="testng_group.test1" name="test2" time="0.0">
    <ignored/>
  </testcase> <!-- test2 -->
  <testcase classname="testng_group.test2" name="test15" time="0.0">
    <ignored/>
  </testcase> <!-- test15 -->
  <testcase classname="testng_group.test1" name="test5" time="0.0">
    <ignored/>
  </testcase> <!-- test5 -->
</testsuite> <!-- Testmeta -->
